This file contains any messages produced by compilers while
running configure, to aid debugging if configure makes a mistake.

It was created by guacamole-server configure 0.9.14, which was
generated by GNU Autoconf 2.69.  Invocation command line was

  $ ./configure --with-init-dir=/etc/init.d

## --------- ##
## Platform. ##
## --------- ##

hostname = raspberrypi
uname -m = armv7l
uname -r = 4.14.83v7-aufs
uname -s = Linux
uname -v = #1 SMP Wed Nov 28 22:52:43 CET 2018

/usr/bin/uname -p = unknown
/bin/uname -X     = unknown

/bin/arch              = unknown
/usr/bin/arch -k       = unknown
/usr/convex/getsysinfo = unknown
/usr/bin/hostinfo      = unknown
/bin/machine           = unknown
/usr/bin/oslevel       = unknown
/bin/universe          = unknown

PATH: /usr/local/sbin
PATH: /usr/local/bin
PATH: /usr/sbin
PATH: /usr/bin
PATH: /sbin
PATH: /bin
PATH: /usr/local/games
PATH: /usr/games


## ----------- ##
## Core tests. ##
## ----------- ##

configure:2567: checking for a BSD-compatible install
configure:2635: result: /usr/bin/install -c
configure:2646: checking whether build environment is sane
configure:2701: result: yes
configure:2852: checking for a thread-safe mkdir -p
configure:2891: result: /bin/mkdir -p
configure:2898: checking for gawk
configure:2928: result: no
configure:2898: checking for mawk
configure:2914: found /usr/bin/mawk
configure:2925: result: mawk
configure:2936: checking whether make sets $(MAKE)
configure:2958: result: yes
configure:2987: checking whether make supports nested variables
configure:3004: result: yes
configure:3141: checking whether make supports nested variables
configure:3158: result: yes
configure:3200: checking build system type
configure:3214: result: armv7l-unknown-linux-gnueabihf
configure:3234: checking host system type
configure:3247: result: armv7l-unknown-linux-gnueabihf
configure:3288: checking how to print strings
configure:3315: result: printf
configure:3348: checking for style of include used by make
configure:3376: result: GNU
configure:3447: checking for gcc
configure:3463: found /usr/bin/gcc
configure:3474: result: gcc
configure:3703: checking for C compiler version
configure:3712: gcc --version >&5
gcc (Raspbian 6.3.0-18+rpi1+deb9u1) 6.3.0 20170516
Copyright (C) 2016 Free Software Foundation, Inc.
This is free software; see the source for copying conditions.  There is NO
warranty; not even for MERCHANTABILITY or FITNESS FOR A PARTICULAR PURPOSE.

configure:3723: $? = 0
configure:3712: gcc -v >&5
Using built-in specs.
COLLECT_GCC=gcc
COLLECT_LTO_WRAPPER=/usr/lib/gcc/arm-linux-gnueabihf/6/lto-wrapper
Target: arm-linux-gnueabihf
Configured with: ../src/configure -v --with-pkgversion='Raspbian 6.3.0-18+rpi1+deb9u1' --with-bugurl=file:///usr/share/doc/gcc-6/README.Bugs --enable-languages=c,ada,c++,java,go,d,fortran,objc,obj-c++ --prefix=/usr --program-suffix=-6 --program-prefix=arm-linux-gnueabihf- --enable-shared --enable-linker-build-id --libexecdir=/usr/lib --without-included-gettext --enable-threads=posix --libdir=/usr/lib --enable-nls --with-sysroot=/ --enable-clocale=gnu --enable-libstdcxx-debug --enable-libstdcxx-time=yes --with-default-libstdcxx-abi=new --enable-gnu-unique-object --disable-libitm --disable-libquadmath --enable-plugin --with-system-zlib --disable-browser-plugin --enable-java-awt=gtk --enable-gtk-cairo --with-java-home=/usr/lib/jvm/java-1.5.0-gcj-6-armhf/jre --enable-java-home --with-jvm-root-dir=/usr/lib/jvm/java-1.5.0-gcj-6-armhf --with-jvm-jar-dir=/usr/lib/jvm-exports/java-1.5.0-gcj-6-armhf --with-arch-directory=arm --with-ecj-jar=/usr/share/java/eclipse-ecj.jar --with-target-system-zlib --enable-objc-gc=auto --enable-multiarch --disable-sjlj-exceptions --with-arch=armv6 --with-fpu=vfp --with-float=hard --enable-checking=release --build=arm-linux-gnueabihf --host=arm-linux-gnueabihf --target=arm-linux-gnueabihf
Thread model: posix
gcc version 6.3.0 20170516 (Raspbian 6.3.0-18+rpi1+deb9u1) 
configure:3723: $? = 0
configure:3712: gcc -V >&5
gcc: error: unrecognized command line option '-V'
gcc: fatal error: no input files
compilation terminated.
configure:3723: $? = 1
configure:3712: gcc -qversion >&5
gcc: error: unrecognized command line option '-qversion'; did you mean '--version'?
gcc: fatal error: no input files
compilation terminated.
configure:3723: $? = 1
configure:3743: checking whether the C compiler works
configure:3765: gcc    conftest.c  >&5
configure:3769: $? = 0
configure:3817: result: yes
configure:3820: checking for C compiler default output file name
configure:3822: result: a.out
configure:3828: checking for suffix of executables
configure:3835: gcc -o conftest    conftest.c  >&5
configure:3839: $? = 0
configure:3861: result: 
configure:3883: checking whether we are cross compiling
configure:3891: gcc -o conftest    conftest.c  >&5
configure:3895: $? = 0
configure:3902: ./conftest
configure:3906: $? = 0
configure:3921: result: no
configure:3926: checking for suffix of object files
configure:3948: gcc -c   conftest.c >&5
configure:3952: $? = 0
configure:3973: result: o
configure:3977: checking whether we are using the GNU C compiler
configure:3996: gcc -c   conftest.c >&5
configure:3996: $? = 0
configure:4005: result: yes
configure:4014: checking whether gcc accepts -g
configure:4034: gcc -c -g  conftest.c >&5
configure:4034: $? = 0
configure:4075: result: yes
configure:4092: checking for gcc option to accept ISO C89
configure:4155: gcc  -c -g -O2  conftest.c >&5
configure:4155: $? = 0
configure:4168: result: none needed
configure:4193: checking whether gcc understands -c and -o together
configure:4215: gcc -c conftest.c -o conftest2.o
configure:4218: $? = 0
configure:4215: gcc -c conftest.c -o conftest2.o
configure:4218: $? = 0
configure:4230: result: yes
configure:4249: checking dependency style of gcc
configure:4360: result: gcc3
configure:4375: checking for a sed that does not truncate output
configure:4439: result: /bin/sed
configure:4457: checking for grep that handles long lines and -e
configure:4515: result: /bin/grep
configure:4520: checking for egrep
configure:4582: result: /bin/grep -E
configure:4587: checking for fgrep
configure:4649: result: /bin/grep -F
configure:4684: checking for ld used by gcc
configure:4751: result: /usr/bin/ld
configure:4758: checking if the linker (/usr/bin/ld) is GNU ld
configure:4773: result: yes
configure:4785: checking for BSD- or MS-compatible name lister (nm)
configure:4839: result: /usr/bin/nm -B
configure:4969: checking the name lister (/usr/bin/nm -B) interface
configure:4976: gcc -c -g -O2  conftest.c >&5
configure:4979: /usr/bin/nm -B "conftest.o"
configure:4982: output
00000000 B some_variable
configure:4989: result: BSD nm
configure:4992: checking whether ln -s works
configure:4996: result: yes
configure:5004: checking the maximum length of command line arguments
configure:5135: result: 1572864
configure:5183: checking how to convert armv7l-unknown-linux-gnueabihf file names to armv7l-unknown-linux-gnueabihf format
configure:5223: result: func_convert_file_noop
configure:5230: checking how to convert armv7l-unknown-linux-gnueabihf file names to toolchain format
configure:5250: result: func_convert_file_noop
configure:5257: checking for /usr/bin/ld option to reload object files
configure:5264: result: -r
configure:5338: checking for objdump
configure:5354: found /usr/bin/objdump
configure:5365: result: objdump
configure:5397: checking how to recognize dependent libraries
configure:5597: result: pass_all
configure:5682: checking for dlltool
configure:5712: result: no
configure:5742: checking how to associate runtime and link libraries
configure:5769: result: printf %s\n
configure:5830: checking for ar
configure:5846: found /usr/bin/ar
configure:5857: result: ar
configure:5894: checking for archiver @FILE support
configure:5911: gcc -c -g -O2  conftest.c >&5
configure:5911: $? = 0
configure:5914: ar cru libconftest.a @conftest.lst >&5
ar: `u' modifier ignored since `D' is the default (see `U')
configure:5917: $? = 0
configure:5922: ar cru libconftest.a @conftest.lst >&5
ar: `u' modifier ignored since `D' is the default (see `U')
ar: conftest.o: No such file or directory
configure:5925: $? = 1
configure:5937: result: @
configure:5995: checking for strip
configure:6011: found /usr/bin/strip
configure:6022: result: strip
configure:6094: checking for ranlib
configure:6110: found /usr/bin/ranlib
configure:6121: result: ranlib
configure:6223: checking command to parse /usr/bin/nm -B output from gcc object
configure:6376: gcc -c -g -O2  conftest.c >&5
configure:6379: $? = 0
configure:6383: /usr/bin/nm -B conftest.o \| sed -n -e 's/^.*[ ]\([ABCDGIRSTW][ABCDGIRSTW]*\)[ ][ ]*\([_A-Za-z][_A-Za-z0-9]*\)$/\1 \2 \2/p' | sed '/ __gnu_lto/d' \> conftest.nm
configure:6386: $? = 0
configure:6452: gcc -o conftest -g -O2   conftest.c conftstm.o >&5
configure:6455: $? = 0
configure:6493: result: ok
configure:6540: checking for sysroot
configure:6570: result: no
configure:6577: checking for a working dd
configure:6615: result: /bin/dd
configure:6619: checking how to truncate binary pipes
configure:6634: result: /bin/dd bs=4096 count=1
configure:6963: checking for mt
configure:6979: found /bin/mt
configure:6990: result: mt
configure:7013: checking if mt is a manifest tool
configure:7019: mt '-?'
configure:7027: result: no
configure:7704: checking how to run the C preprocessor
configure:7735: gcc -E  conftest.c
configure:7735: $? = 0
configure:7749: gcc -E  conftest.c
conftest.c:11:28: fatal error: ac_nonexistent.h: No such file or directory
 #include <ac_nonexistent.h>
                            ^
compilation terminated.
configure:7749: $? = 1
configure: failed program was:
| /* confdefs.h */
| #define PACKAGE_NAME "guacamole-server"
| #define PACKAGE_TARNAME "guacamole-server"
| #define PACKAGE_VERSION "0.9.14"
| #define PACKAGE_STRING "guacamole-server 0.9.14"
| #define PACKAGE_BUGREPORT ""
| #define PACKAGE_URL ""
| #define PACKAGE "guacamole-server"
| #define VERSION "0.9.14"
| /* end confdefs.h.  */
| #include <ac_nonexistent.h>
configure:7774: result: gcc -E
configure:7794: gcc -E  conftest.c
configure:7794: $? = 0
configure:7808: gcc -E  conftest.c
conftest.c:11:28: fatal error: ac_nonexistent.h: No such file or directory
 #include <ac_nonexistent.h>
                            ^
compilation terminated.
configure:7808: $? = 1
configure: failed program was:
| /* confdefs.h */
| #define PACKAGE_NAME "guacamole-server"
| #define PACKAGE_TARNAME "guacamole-server"
| #define PACKAGE_VERSION "0.9.14"
| #define PACKAGE_STRING "guacamole-server 0.9.14"
| #define PACKAGE_BUGREPORT ""
| #define PACKAGE_URL ""
| #define PACKAGE "guacamole-server"
| #define VERSION "0.9.14"
| /* end confdefs.h.  */
| #include <ac_nonexistent.h>
configure:7837: checking for ANSI C header files
configure:7857: gcc -c -g -O2  conftest.c >&5
configure:7857: $? = 0
configure:7930: gcc -o conftest -g -O2   conftest.c  >&5
configure:7930: $? = 0
configure:7930: ./conftest
configure:7930: $? = 0
configure:7941: result: yes
configure:7954: checking for sys/types.h
configure:7954: gcc -c -g -O2  conftest.c >&5
configure:7954: $? = 0
configure:7954: result: yes
configure:7954: checking for sys/stat.h
configure:7954: gcc -c -g -O2  conftest.c >&5
configure:7954: $? = 0
configure:7954: result: yes
configure:7954: checking for stdlib.h
configure:7954: gcc -c -g -O2  conftest.c >&5
configure:7954: $? = 0
configure:7954: result: yes
configure:7954: checking for string.h
configure:7954: gcc -c -g -O2  conftest.c >&5
configure:7954: $? = 0
configure:7954: result: yes
configure:7954: checking for memory.h
configure:7954: gcc -c -g -O2  conftest.c >&5
configure:7954: $? = 0
configure:7954: result: yes
configure:7954: checking for strings.h
configure:7954: gcc -c -g -O2  conftest.c >&5
configure:7954: $? = 0
configure:7954: result: yes
configure:7954: checking for inttypes.h
configure:7954: gcc -c -g -O2  conftest.c >&5
configure:7954: $? = 0
configure:7954: result: yes
configure:7954: checking for stdint.h
configure:7954: gcc -c -g -O2  conftest.c >&5
configure:7954: $? = 0
configure:7954: result: yes
configure:7954: checking for unistd.h
configure:7954: gcc -c -g -O2  conftest.c >&5
configure:7954: $? = 0
configure:7954: result: yes
configure:7968: checking for dlfcn.h
configure:7968: gcc -c -g -O2  conftest.c >&5
configure:7968: $? = 0
configure:7968: result: yes
configure:8223: checking for objdir
configure:8238: result: .libs
configure:8502: checking if gcc supports -fno-rtti -fno-exceptions
configure:8520: gcc -c -g -O2  -fno-rtti -fno-exceptions conftest.c >&5
cc1: warning: command line option '-fno-rtti' is valid for C++/ObjC++ but not for C
configure:8524: $? = 0
configure:8537: result: no
configure:8895: checking for gcc option to produce PIC
configure:8902: result: -fPIC -DPIC
configure:8910: checking if gcc PIC flag -fPIC -DPIC works
configure:8928: gcc -c -g -O2  -fPIC -DPIC -DPIC conftest.c >&5
configure:8932: $? = 0
configure:8945: result: yes
configure:8974: checking if gcc static flag -static works
configure:9002: result: yes
configure:9017: checking if gcc supports -c -o file.o
configure:9038: gcc -c -g -O2  -o out/conftest2.o conftest.c >&5
configure:9042: $? = 0
configure:9064: result: yes
configure:9072: checking if gcc supports -c -o file.o
configure:9119: result: yes
configure:9152: checking whether the gcc linker (/usr/bin/ld) supports shared libraries
configure:10411: result: yes
configure:10448: checking whether -lc should be explicitly linked in
configure:10456: gcc -c -g -O2  conftest.c >&5
configure:10459: $? = 0
configure:10474: gcc -shared  -fPIC -DPIC conftest.o  -v -Wl,-soname -Wl,conftest -o conftest 2\>\&1 \| /bin/grep  -lc  \>/dev/null 2\>\&1
configure:10477: $? = 0
configure:10491: result: no
configure:10651: checking dynamic linker characteristics
configure:11232: gcc -o conftest -g -O2   -Wl,-rpath -Wl,/foo conftest.c  >&5
configure:11232: $? = 0
configure:11472: result: GNU/Linux ld.so
configure:11594: checking how to hardcode library paths into programs
configure:11619: result: immediate
configure:11721: checking for shl_load
configure:11721: gcc -o conftest -g -O2   conftest.c  >&5
/tmp/cc6Rb7OW.o: In function `main':
/home/pi/mediakit_RaspberryPi/guacamole-server-0.9.14/conftest.c:57: undefined reference to `shl_load'
collect2: error: ld returned 1 exit status
configure:11721: $? = 1
configure: failed program was:
| /* confdefs.h */
| #define PACKAGE_NAME "guacamole-server"
| #define PACKAGE_TARNAME "guacamole-server"
| #define PACKAGE_VERSION "0.9.14"
| #define PACKAGE_STRING "guacamole-server 0.9.14"
| #define PACKAGE_BUGREPORT ""
| #define PACKAGE_URL ""
| #define PACKAGE "guacamole-server"
| #define VERSION "0.9.14"
| #define STDC_HEADERS 1
| #define HAVE_SYS_TYPES_H 1
| #define HAVE_SYS_STAT_H 1
| #define HAVE_STDLIB_H 1
| #define HAVE_STRING_H 1
| #define HAVE_MEMORY_H 1
| #define HAVE_STRINGS_H 1
| #define HAVE_INTTYPES_H 1
| #define HAVE_STDINT_H 1
| #define HAVE_UNISTD_H 1
| #define HAVE_DLFCN_H 1
| #define LT_OBJDIR ".libs/"
| /* end confdefs.h.  */
| /* Define shl_load to an innocuous variant, in case <limits.h> declares shl_load.
|    For example, HP-UX 11i <limits.h> declares gettimeofday.  */
| #define shl_load innocuous_shl_load
| 
| /* System header to define __stub macros and hopefully few prototypes,
|     which can conflict with char shl_load (); below.
|     Prefer <limits.h> to <assert.h> if __STDC__ is defined, since
|     <limits.h> exists even on freestanding compilers.  */
| 
| #ifdef __STDC__
| # include <limits.h>
| #else
| # include <assert.h>
| #endif
| 
| #undef shl_load
| 
| /* Override any GCC internal prototype to avoid an error.
|    Use char because int might match the return type of a GCC
|    builtin and then its argument prototype would still apply.  */
| #ifdef __cplusplus
| extern "C"
| #endif
| char shl_load ();
| /* The GNU C library defines this for functions which it implements
|     to always fail with ENOSYS.  Some functions are actually named
|     something starting with __ and the normal name is an alias.  */
| #if defined __stub_shl_load || defined __stub___shl_load
| choke me
| #endif
| 
| int
| main ()
| {
| return shl_load ();
|   ;
|   return 0;
| }
configure:11721: result: no
configure:11725: checking for shl_load in -ldld
configure:11750: gcc -o conftest -g -O2   conftest.c -ldld   >&5
/usr/bin/ld: cannot find -ldld
collect2: error: ld returned 1 exit status
configure:11750: $? = 1
configure: failed program was:
| /* confdefs.h */
| #define PACKAGE_NAME "guacamole-server"
| #define PACKAGE_TARNAME "guacamole-server"
| #define PACKAGE_VERSION "0.9.14"
| #define PACKAGE_STRING "guacamole-server 0.9.14"
| #define PACKAGE_BUGREPORT ""
| #define PACKAGE_URL ""
| #define PACKAGE "guacamole-server"
| #define VERSION "0.9.14"
| #define STDC_HEADERS 1
| #define HAVE_SYS_TYPES_H 1
| #define HAVE_SYS_STAT_H 1
| #define HAVE_STDLIB_H 1
| #define HAVE_STRING_H 1
| #define HAVE_MEMORY_H 1
| #define HAVE_STRINGS_H 1
| #define HAVE_INTTYPES_H 1
| #define HAVE_STDINT_H 1
| #define HAVE_UNISTD_H 1
| #define HAVE_DLFCN_H 1
| #define LT_OBJDIR ".libs/"
| /* end confdefs.h.  */
| 
| /* Override any GCC internal prototype to avoid an error.
|    Use char because int might match the return type of a GCC
|    builtin and then its argument prototype would still apply.  */
| #ifdef __cplusplus
| extern "C"
| #endif
| char shl_load ();
| int
| main ()
| {
| return shl_load ();
|   ;
|   return 0;
| }
configure:11759: result: no
configure:11764: checking for dlopen
configure:11764: gcc -o conftest -g -O2   conftest.c  >&5
/tmp/ccS5JtNG.o: In function `main':
/home/pi/mediakit_RaspberryPi/guacamole-server-0.9.14/conftest.c:57: undefined reference to `dlopen'
collect2: error: ld returned 1 exit status
configure:11764: $? = 1
configure: failed program was:
| /* confdefs.h */
| #define PACKAGE_NAME "guacamole-server"
| #define PACKAGE_TARNAME "guacamole-server"
| #define PACKAGE_VERSION "0.9.14"
| #define PACKAGE_STRING "guacamole-server 0.9.14"
| #define PACKAGE_BUGREPORT ""
| #define PACKAGE_URL ""
| #define PACKAGE "guacamole-server"
| #define VERSION "0.9.14"
| #define STDC_HEADERS 1
| #define HAVE_SYS_TYPES_H 1
| #define HAVE_SYS_STAT_H 1
| #define HAVE_STDLIB_H 1
| #define HAVE_STRING_H 1
| #define HAVE_MEMORY_H 1
| #define HAVE_STRINGS_H 1
| #define HAVE_INTTYPES_H 1
| #define HAVE_STDINT_H 1
| #define HAVE_UNISTD_H 1
| #define HAVE_DLFCN_H 1
| #define LT_OBJDIR ".libs/"
| /* end confdefs.h.  */
| /* Define dlopen to an innocuous variant, in case <limits.h> declares dlopen.
|    For example, HP-UX 11i <limits.h> declares gettimeofday.  */
| #define dlopen innocuous_dlopen
| 
| /* System header to define __stub macros and hopefully few prototypes,
|     which can conflict with char dlopen (); below.
|     Prefer <limits.h> to <assert.h> if __STDC__ is defined, since
|     <limits.h> exists even on freestanding compilers.  */
| 
| #ifdef __STDC__
| # include <limits.h>
| #else
| # include <assert.h>
| #endif
| 
| #undef dlopen
| 
| /* Override any GCC internal prototype to avoid an error.
|    Use char because int might match the return type of a GCC
|    builtin and then its argument prototype would still apply.  */
| #ifdef __cplusplus
| extern "C"
| #endif
| char dlopen ();
| /* The GNU C library defines this for functions which it implements
|     to always fail with ENOSYS.  Some functions are actually named
|     something starting with __ and the normal name is an alias.  */
| #if defined __stub_dlopen || defined __stub___dlopen
| choke me
| #endif
| 
| int
| main ()
| {
| return dlopen ();
|   ;
|   return 0;
| }
configure:11764: result: no
configure:11768: checking for dlopen in -ldl
configure:11793: gcc -o conftest -g -O2   conftest.c -ldl   >&5
configure:11793: $? = 0
configure:11802: result: yes
configure:11921: checking whether a program can dlopen itself
configure:12001: gcc -o conftest -g -O2  -DHAVE_DLFCN_H  -Wl,--export-dynamic conftest.c -ldl  >&5
configure:12004: $? = 0
configure:12022: result: yes
configure:12027: checking whether a statically linked program can dlopen itself
configure:12107: gcc -o conftest -g -O2  -DHAVE_DLFCN_H  -Wl,--export-dynamic -static conftest.c -ldl  >&5
/tmp/ccUwAcOs.o: In function `main':
/home/pi/mediakit_RaspberryPi/guacamole-server-0.9.14/configure:12086: warning: Using 'dlopen' in statically linked applications requires at runtime the shared libraries from the glibc version used for linking
configure:12110: $? = 0
configure:12128: result: no
configure:12167: checking whether stripping libraries is possible
configure:12172: result: yes
configure:12207: checking if libtool supports shared libraries
configure:12209: result: yes
configure:12212: checking whether to build shared libraries
configure:12237: result: yes
configure:12240: checking whether to build static libraries
configure:12244: result: yes
configure:12335: checking for gcc
configure:12362: result: gcc
configure:12591: checking for C compiler version
configure:12600: gcc --version >&5
gcc (Raspbian 6.3.0-18+rpi1+deb9u1) 6.3.0 20170516
Copyright (C) 2016 Free Software Foundation, Inc.
This is free software; see the source for copying conditions.  There is NO
warranty; not even for MERCHANTABILITY or FITNESS FOR A PARTICULAR PURPOSE.

configure:12611: $? = 0
configure:12600: gcc -v >&5
Using built-in specs.
COLLECT_GCC=gcc
COLLECT_LTO_WRAPPER=/usr/lib/gcc/arm-linux-gnueabihf/6/lto-wrapper
Target: arm-linux-gnueabihf
Configured with: ../src/configure -v --with-pkgversion='Raspbian 6.3.0-18+rpi1+deb9u1' --with-bugurl=file:///usr/share/doc/gcc-6/README.Bugs --enable-languages=c,ada,c++,java,go,d,fortran,objc,obj-c++ --prefix=/usr --program-suffix=-6 --program-prefix=arm-linux-gnueabihf- --enable-shared --enable-linker-build-id --libexecdir=/usr/lib --without-included-gettext --enable-threads=posix --libdir=/usr/lib --enable-nls --with-sysroot=/ --enable-clocale=gnu --enable-libstdcxx-debug --enable-libstdcxx-time=yes --with-default-libstdcxx-abi=new --enable-gnu-unique-object --disable-libitm --disable-libquadmath --enable-plugin --with-system-zlib --disable-browser-plugin --enable-java-awt=gtk --enable-gtk-cairo --with-java-home=/usr/lib/jvm/java-1.5.0-gcj-6-armhf/jre --enable-java-home --with-jvm-root-dir=/usr/lib/jvm/java-1.5.0-gcj-6-armhf --with-jvm-jar-dir=/usr/lib/jvm-exports/java-1.5.0-gcj-6-armhf --with-arch-directory=arm --with-ecj-jar=/usr/share/java/eclipse-ecj.jar --with-target-system-zlib --enable-objc-gc=auto --enable-multiarch --disable-sjlj-exceptions --with-arch=armv6 --with-fpu=vfp --with-float=hard --enable-checking=release --build=arm-linux-gnueabihf --host=arm-linux-gnueabihf --target=arm-linux-gnueabihf
Thread model: posix
gcc version 6.3.0 20170516 (Raspbian 6.3.0-18+rpi1+deb9u1) 
configure:12611: $? = 0
configure:12600: gcc -V >&5
gcc: error: unrecognized command line option '-V'
gcc: fatal error: no input files
compilation terminated.
configure:12611: $? = 1
configure:12600: gcc -qversion >&5
gcc: error: unrecognized command line option '-qversion'; did you mean '--version'?
gcc: fatal error: no input files
compilation terminated.
configure:12611: $? = 1
configure:12615: checking whether we are using the GNU C compiler
configure:12643: result: yes
configure:12652: checking whether gcc accepts -g
configure:12713: result: yes
configure:12730: checking for gcc option to accept ISO C89
configure:12806: result: none needed
configure:12831: checking whether gcc understands -c and -o together
configure:12868: result: yes
configure:12887: checking dependency style of gcc
configure:12998: result: gcc3
configure:13013: checking for gcc option to accept ISO C99
configure:13162: gcc  -c -g -O2  conftest.c >&5
configure:13162: $? = 0
configure:13175: result: none needed
configure:13196: checking fcntl.h usability
configure:13196: gcc -c -g -O2  conftest.c >&5
configure:13196: $? = 0
configure:13196: result: yes
configure:13196: checking fcntl.h presence
configure:13196: gcc -E  conftest.c
configure:13196: $? = 0
configure:13196: result: yes
configure:13196: checking for fcntl.h
configure:13196: result: yes
configure:13196: checking for stdlib.h
configure:13196: result: yes
configure:13196: checking for string.h
configure:13196: result: yes
configure:13196: checking sys/socket.h usability
configure:13196: gcc -c -g -O2  conftest.c >&5
configure:13196: $? = 0
configure:13196: result: yes
configure:13196: checking sys/socket.h presence
configure:13196: gcc -E  conftest.c
configure:13196: $? = 0
configure:13196: result: yes
configure:13196: checking for sys/socket.h
configure:13196: result: yes
configure:13196: checking time.h usability
configure:13196: gcc -c -g -O2  conftest.c >&5
configure:13196: $? = 0
configure:13196: result: yes
configure:13196: checking time.h presence
configure:13196: gcc -E  conftest.c
configure:13196: $? = 0
configure:13196: result: yes
configure:13196: checking for time.h
configure:13196: result: yes
configure:13196: checking sys/time.h usability
configure:13196: gcc -c -g -O2  conftest.c >&5
configure:13196: $? = 0
configure:13196: result: yes
configure:13196: checking sys/time.h presence
configure:13196: gcc -E  conftest.c
configure:13196: $? = 0
configure:13196: result: yes
configure:13196: checking for sys/time.h
configure:13196: result: yes
configure:13196: checking syslog.h usability
configure:13196: gcc -c -g -O2  conftest.c >&5
configure:13196: $? = 0
configure:13196: result: yes
configure:13196: checking syslog.h presence
configure:13196: gcc -E  conftest.c
configure:13196: $? = 0
configure:13196: result: yes
configure:13196: checking for syslog.h
configure:13196: result: yes
configure:13196: checking for unistd.h
configure:13196: result: yes
configure:13196: checking cairo/cairo.h usability
configure:13196: gcc -c -g -O2  conftest.c >&5
configure:13196: $? = 0
configure:13196: result: yes
configure:13196: checking cairo/cairo.h presence
configure:13196: gcc -E  conftest.c
configure:13196: $? = 0
configure:13196: result: yes
configure:13196: checking for cairo/cairo.h
configure:13196: result: yes
configure:13196: checking pngstruct.h usability
configure:13196: gcc -c -g -O2  conftest.c >&5
conftest.c:65:23: fatal error: pngstruct.h: No such file or directory
 #include <pngstruct.h>
                       ^
compilation terminated.
configure:13196: $? = 1
configure: failed program was:
| /* confdefs.h */
| #define PACKAGE_NAME "guacamole-server"
| #define PACKAGE_TARNAME "guacamole-server"
| #define PACKAGE_VERSION "0.9.14"
| #define PACKAGE_STRING "guacamole-server 0.9.14"
| #define PACKAGE_BUGREPORT ""
| #define PACKAGE_URL ""
| #define PACKAGE "guacamole-server"
| #define VERSION "0.9.14"
| #define STDC_HEADERS 1
| #define HAVE_SYS_TYPES_H 1
| #define HAVE_SYS_STAT_H 1
| #define HAVE_STDLIB_H 1
| #define HAVE_STRING_H 1
| #define HAVE_MEMORY_H 1
| #define HAVE_STRINGS_H 1
| #define HAVE_INTTYPES_H 1
| #define HAVE_STDINT_H 1
| #define HAVE_UNISTD_H 1
| #define HAVE_DLFCN_H 1
| #define LT_OBJDIR ".libs/"
| #define HAVE_FCNTL_H 1
| #define HAVE_STDLIB_H 1
| #define HAVE_STRING_H 1
| #define HAVE_SYS_SOCKET_H 1
| #define HAVE_TIME_H 1
| #define HAVE_SYS_TIME_H 1
| #define HAVE_SYSLOG_H 1
| #define HAVE_UNISTD_H 1
| #define HAVE_CAIRO_CAIRO_H 1
| /* end confdefs.h.  */
| #include <stdio.h>
| #ifdef HAVE_SYS_TYPES_H
| # include <sys/types.h>
| #endif
| #ifdef HAVE_SYS_STAT_H
| # include <sys/stat.h>
| #endif
| #ifdef STDC_HEADERS
| # include <stdlib.h>
| # include <stddef.h>
| #else
| # ifdef HAVE_STDLIB_H
| #  include <stdlib.h>
| # endif
| #endif
| #ifdef HAVE_STRING_H
| # if !defined STDC_HEADERS && defined HAVE_MEMORY_H
| #  include <memory.h>
| # endif
| # include <string.h>
| #endif
| #ifdef HAVE_STRINGS_H
| # include <strings.h>
| #endif
| #ifdef HAVE_INTTYPES_H
| # include <inttypes.h>
| #endif
| #ifdef HAVE_STDINT_H
| # include <stdint.h>
| #endif
| #ifdef HAVE_UNISTD_H
| # include <unistd.h>
| #endif
| #include <pngstruct.h>
configure:13196: result: no
configure:13196: checking pngstruct.h presence
configure:13196: gcc -E  conftest.c
conftest.c:32:23: fatal error: pngstruct.h: No such file or directory
 #include <pngstruct.h>
                       ^
compilation terminated.
configure:13196: $? = 1
configure: failed program was:
| /* confdefs.h */
| #define PACKAGE_NAME "guacamole-server"
| #define PACKAGE_TARNAME "guacamole-server"
| #define PACKAGE_VERSION "0.9.14"
| #define PACKAGE_STRING "guacamole-server 0.9.14"
| #define PACKAGE_BUGREPORT ""
| #define PACKAGE_URL ""
| #define PACKAGE "guacamole-server"
| #define VERSION "0.9.14"
| #define STDC_HEADERS 1
| #define HAVE_SYS_TYPES_H 1
| #define HAVE_SYS_STAT_H 1
| #define HAVE_STDLIB_H 1
| #define HAVE_STRING_H 1
| #define HAVE_MEMORY_H 1
| #define HAVE_STRINGS_H 1
| #define HAVE_INTTYPES_H 1
| #define HAVE_STDINT_H 1
| #define HAVE_UNISTD_H 1
| #define HAVE_DLFCN_H 1
| #define LT_OBJDIR ".libs/"
| #define HAVE_FCNTL_H 1
| #define HAVE_STDLIB_H 1
| #define HAVE_STRING_H 1
| #define HAVE_SYS_SOCKET_H 1
| #define HAVE_TIME_H 1
| #define HAVE_SYS_TIME_H 1
| #define HAVE_SYSLOG_H 1
| #define HAVE_UNISTD_H 1
| #define HAVE_CAIRO_CAIRO_H 1
| /* end confdefs.h.  */
| #include <pngstruct.h>
configure:13196: result: no
configure:13196: checking for pngstruct.h
configure:13196: result: no
configure:13213: checking for cos in -lm
configure:13238: gcc -o conftest -g -O2   conftest.c -lm   >&5
conftest.c:40:6: warning: conflicting types for built-in function 'cos'
 char cos ();
      ^~~
configure:13238: $? = 0
configure:13247: result: yes
configure:13264: checking for png_write_png in -lpng
configure:13289: gcc -o conftest -g -O2   conftest.c -lpng   >&5
configure:13289: $? = 0
configure:13298: result: yes
configure:13308: checking for jpeg_start_compress in -ljpeg
configure:13333: gcc -o conftest -g -O2   conftest.c -ljpeg   >&5
configure:13333: $? = 0
configure:13342: result: yes
configure:13352: checking for cairo_create in -lcairo
configure:13377: gcc -o conftest -g -O2   conftest.c -lcairo   >&5
configure:13377: $? = 0
configure:13386: result: yes
configure:13396: checking for pthread_create in -lpthread
configure:13421: gcc -o conftest -g -O2   conftest.c -lpthread   >&5
configure:13421: $? = 0
configure:13430: result: yes
configure:13441: checking for dlopen in -ldl
configure:13475: result: yes
configure:13492: checking for uuid_make in -lossp-uuid
configure:13517: gcc -o conftest -g -O2   conftest.c -lossp-uuid   >&5
configure:13517: $? = 0
configure:13526: result: yes
configure:13579: checking ossp/uuid.h usability
configure:13579: gcc -c -g -O2  conftest.c >&5
configure:13579: $? = 0
configure:13579: result: yes
configure:13579: checking ossp/uuid.h presence
configure:13579: gcc -E  conftest.c
configure:13579: $? = 0
configure:13579: result: yes
configure:13579: checking for ossp/uuid.h
configure:13579: result: yes
configure:13589: checking whether uuid_make is declared
configure:13589: gcc -c -g -O2  conftest.c >&5
configure:13589: $? = 0
configure:13589: result: yes
configure:13604: checking for CU_run_test in -lcunit
configure:13629: gcc -o conftest -g -O2   conftest.c -lcunit   >&5
/usr/bin/ld: cannot find -lcunit
collect2: error: ld returned 1 exit status
configure:13629: $? = 1
configure: failed program was:
| /* confdefs.h */
| #define PACKAGE_NAME "guacamole-server"
| #define PACKAGE_TARNAME "guacamole-server"
| #define PACKAGE_VERSION "0.9.14"
| #define PACKAGE_STRING "guacamole-server 0.9.14"
| #define PACKAGE_BUGREPORT ""
| #define PACKAGE_URL ""
| #define PACKAGE "guacamole-server"
| #define VERSION "0.9.14"
| #define STDC_HEADERS 1
| #define HAVE_SYS_TYPES_H 1
| #define HAVE_SYS_STAT_H 1
| #define HAVE_STDLIB_H 1
| #define HAVE_STRING_H 1
| #define HAVE_MEMORY_H 1
| #define HAVE_STRINGS_H 1
| #define HAVE_INTTYPES_H 1
| #define HAVE_STDINT_H 1
| #define HAVE_UNISTD_H 1
| #define HAVE_DLFCN_H 1
| #define LT_OBJDIR ".libs/"
| #define HAVE_FCNTL_H 1
| #define HAVE_STDLIB_H 1
| #define HAVE_STRING_H 1
| #define HAVE_SYS_SOCKET_H 1
| #define HAVE_TIME_H 1
| #define HAVE_SYS_TIME_H 1
| #define HAVE_SYSLOG_H 1
| #define HAVE_UNISTD_H 1
| #define HAVE_CAIRO_CAIRO_H 1
| #define _XOPEN_SOURCE 700
| #define HAVE_LIBPTHREAD /**/
| #define HAVE_OSSP_UUID_H 1
| /* end confdefs.h.  */
| 
| /* Override any GCC internal prototype to avoid an error.
|    Use char because int might match the return type of a GCC
|    builtin and then its argument prototype would still apply.  */
| #ifdef __cplusplus
| extern "C"
| #endif
| char CU_run_test ();
| int
| main ()
| {
| return CU_run_test ();
|   ;
|   return 0;
| }
configure:13638: result: no
configure:13658: checking for clock_gettime
configure:13658: gcc -o conftest -g -O2   conftest.c  >&5
configure:13658: $? = 0
configure:13658: result: yes
configure:13658: checking for gettimeofday
configure:13658: gcc -o conftest -g -O2   conftest.c  >&5
configure:13658: $? = 0
configure:13658: result: yes
configure:13658: checking for memmove
configure:13658: gcc -o conftest -g -O2   conftest.c  >&5
conftest.c:60:6: warning: conflicting types for built-in function 'memmove'
 char memmove ();
      ^~~~~~~
configure:13658: $? = 0
configure:13658: result: yes
configure:13658: checking for memset
configure:13658: gcc -o conftest -g -O2   conftest.c  >&5
conftest.c:61:6: warning: conflicting types for built-in function 'memset'
 char memset ();
      ^~~~~~
configure:13658: $? = 0
configure:13658: result: yes
configure:13658: checking for select
configure:13658: gcc -o conftest -g -O2   conftest.c  >&5
configure:13658: $? = 0
configure:13658: result: yes
configure:13658: checking for strdup
configure:13658: gcc -o conftest -g -O2   conftest.c  >&5
conftest.c:63:6: warning: conflicting types for built-in function 'strdup'
 char strdup ();
      ^~~~~~
configure:13658: $? = 0
configure:13658: result: yes
configure:13658: checking for nanosleep
configure:13658: gcc -o conftest -g -O2   conftest.c  >&5
configure:13658: $? = 0
configure:13658: result: yes
configure:13668: checking whether png_get_io_ptr is declared
configure:13668: gcc -c -g -O2  conftest.c >&5
configure:13668: $? = 0
configure:13668: result: yes
configure:13677: checking whether cairo_format_stride_for_width is declared
configure:13677: gcc -c -g -O2  conftest.c >&5
configure:13677: $? = 0
configure:13677: result: yes
configure:13686: checking whether poll is declared
configure:13686: gcc -c -g -O2  conftest.c >&5
configure:13686: $? = 0
configure:13686: result: yes
configure:13696: checking for size_t
configure:13696: gcc -c -g -O2  conftest.c >&5
configure:13696: $? = 0
configure:13696: gcc -c -g -O2  conftest.c >&5
conftest.c: In function 'main':
conftest.c:81:21: error: expected expression before ')' token
 if (sizeof ((size_t)))
                     ^
configure:13696: $? = 1
configure: failed program was:
| /* confdefs.h */
| #define PACKAGE_NAME "guacamole-server"
| #define PACKAGE_TARNAME "guacamole-server"
| #define PACKAGE_VERSION "0.9.14"
| #define PACKAGE_STRING "guacamole-server 0.9.14"
| #define PACKAGE_BUGREPORT ""
| #define PACKAGE_URL ""
| #define PACKAGE "guacamole-server"
| #define VERSION "0.9.14"
| #define STDC_HEADERS 1
| #define HAVE_SYS_TYPES_H 1
| #define HAVE_SYS_STAT_H 1
| #define HAVE_STDLIB_H 1
| #define HAVE_STRING_H 1
| #define HAVE_MEMORY_H 1
| #define HAVE_STRINGS_H 1
| #define HAVE_INTTYPES_H 1
| #define HAVE_STDINT_H 1
| #define HAVE_UNISTD_H 1
| #define HAVE_DLFCN_H 1
| #define LT_OBJDIR ".libs/"
| #define HAVE_FCNTL_H 1
| #define HAVE_STDLIB_H 1
| #define HAVE_STRING_H 1
| #define HAVE_SYS_SOCKET_H 1
| #define HAVE_TIME_H 1
| #define HAVE_SYS_TIME_H 1
| #define HAVE_SYSLOG_H 1
| #define HAVE_UNISTD_H 1
| #define HAVE_CAIRO_CAIRO_H 1
| #define _XOPEN_SOURCE 700
| #define HAVE_LIBPTHREAD /**/
| #define HAVE_OSSP_UUID_H 1
| #define HAVE_CLOCK_GETTIME 1
| #define HAVE_GETTIMEOFDAY 1
| #define HAVE_MEMMOVE 1
| #define HAVE_MEMSET 1
| #define HAVE_SELECT 1
| #define HAVE_STRDUP 1
| #define HAVE_NANOSLEEP 1
| #define HAVE_PNG_GET_IO_PTR /**/
| #define HAVE_CAIRO_FORMAT_STRIDE_FOR_WIDTH /**/
| #define HAVE_POLL /**/
| /* end confdefs.h.  */
| #include <stdio.h>
| #ifdef HAVE_SYS_TYPES_H
| # include <sys/types.h>
| #endif
| #ifdef HAVE_SYS_STAT_H
| # include <sys/stat.h>
| #endif
| #ifdef STDC_HEADERS
| # include <stdlib.h>
| # include <stddef.h>
| #else
| # ifdef HAVE_STDLIB_H
| #  include <stdlib.h>
| # endif
| #endif
| #ifdef HAVE_STRING_H
| # if !defined STDC_HEADERS && defined HAVE_MEMORY_H
| #  include <memory.h>
| # endif
| # include <string.h>
| #endif
| #ifdef HAVE_STRINGS_H
| # include <strings.h>
| #endif
| #ifdef HAVE_INTTYPES_H
| # include <inttypes.h>
| #endif
| #ifdef HAVE_STDINT_H
| # include <stdint.h>
| #endif
| #ifdef HAVE_UNISTD_H
| # include <unistd.h>
| #endif
| int
| main ()
| {
| if (sizeof ((size_t)))
| 	    return 0;
|   ;
|   return 0;
| }
configure:13696: result: yes
configure:13707: checking for ssize_t
configure:13707: gcc -c -g -O2  conftest.c >&5
configure:13707: $? = 0
configure:13707: gcc -c -g -O2  conftest.c >&5
conftest.c: In function 'main':
conftest.c:81:22: error: expected expression before ')' token
 if (sizeof ((ssize_t)))
                      ^
configure:13707: $? = 1
configure: failed program was:
| /* confdefs.h */
| #define PACKAGE_NAME "guacamole-server"
| #define PACKAGE_TARNAME "guacamole-server"
| #define PACKAGE_VERSION "0.9.14"
| #define PACKAGE_STRING "guacamole-server 0.9.14"
| #define PACKAGE_BUGREPORT ""
| #define PACKAGE_URL ""
| #define PACKAGE "guacamole-server"
| #define VERSION "0.9.14"
| #define STDC_HEADERS 1
| #define HAVE_SYS_TYPES_H 1
| #define HAVE_SYS_STAT_H 1
| #define HAVE_STDLIB_H 1
| #define HAVE_STRING_H 1
| #define HAVE_MEMORY_H 1
| #define HAVE_STRINGS_H 1
| #define HAVE_INTTYPES_H 1
| #define HAVE_STDINT_H 1
| #define HAVE_UNISTD_H 1
| #define HAVE_DLFCN_H 1
| #define LT_OBJDIR ".libs/"
| #define HAVE_FCNTL_H 1
| #define HAVE_STDLIB_H 1
| #define HAVE_STRING_H 1
| #define HAVE_SYS_SOCKET_H 1
| #define HAVE_TIME_H 1
| #define HAVE_SYS_TIME_H 1
| #define HAVE_SYSLOG_H 1
| #define HAVE_UNISTD_H 1
| #define HAVE_CAIRO_CAIRO_H 1
| #define _XOPEN_SOURCE 700
| #define HAVE_LIBPTHREAD /**/
| #define HAVE_OSSP_UUID_H 1
| #define HAVE_CLOCK_GETTIME 1
| #define HAVE_GETTIMEOFDAY 1
| #define HAVE_MEMMOVE 1
| #define HAVE_MEMSET 1
| #define HAVE_SELECT 1
| #define HAVE_STRDUP 1
| #define HAVE_NANOSLEEP 1
| #define HAVE_PNG_GET_IO_PTR /**/
| #define HAVE_CAIRO_FORMAT_STRIDE_FOR_WIDTH /**/
| #define HAVE_POLL /**/
| /* end confdefs.h.  */
| #include <stdio.h>
| #ifdef HAVE_SYS_TYPES_H
| # include <sys/types.h>
| #endif
| #ifdef HAVE_SYS_STAT_H
| # include <sys/stat.h>
| #endif
| #ifdef STDC_HEADERS
| # include <stdlib.h>
| # include <stddef.h>
| #else
| # ifdef HAVE_STDLIB_H
| #  include <stdlib.h>
| # endif
| #endif
| #ifdef HAVE_STRING_H
| # if !defined STDC_HEADERS && defined HAVE_MEMORY_H
| #  include <memory.h>
| # endif
| # include <string.h>
| #endif
| #ifdef HAVE_STRINGS_H
| # include <strings.h>
| #endif
| #ifdef HAVE_INTTYPES_H
| # include <inttypes.h>
| #endif
| #ifdef HAVE_STDINT_H
| # include <stdint.h>
| #endif
| #ifdef HAVE_UNISTD_H
| # include <unistd.h>
| #endif
| int
| main ()
| {
| if (sizeof ((ssize_t)))
| 	    return 0;
|   ;
|   return 0;
| }
configure:13707: result: yes
configure:13852: checking for pkg-config
configure:13870: found /usr/bin/pkg-config
configure:13882: result: /usr/bin/pkg-config
configure:13907: checking pkg-config is at least version 0.9.0
configure:13910: result: yes
configure:13920: checking for AVCODEC
configure:13927: $PKG_CONFIG --exists --print-errors "libavcodec"
configure:13930: $? = 0
configure:13944: $PKG_CONFIG --exists --print-errors "libavcodec"
configure:13947: $? = 0
configure:13985: result: yes
configure:14019: checking for AVUTIL
configure:14026: $PKG_CONFIG --exists --print-errors "libavutil"
configure:14029: $? = 0
configure:14043: $PKG_CONFIG --exists --print-errors "libavutil"
configure:14046: $? = 0
configure:14084: result: yes
configure:14118: checking for SWSCALE
configure:14125: $PKG_CONFIG --exists --print-errors "libswscale"
configure:14128: $? = 0
configure:14142: $PKG_CONFIG --exists --print-errors "libswscale"
configure:14145: $? = 0
configure:14183: result: yes
configure:14217: checking openssl/ssl.h usability
configure:14217: gcc -c -g -O2  conftest.c >&5
configure:14217: $? = 0
configure:14217: result: yes
configure:14217: checking openssl/ssl.h presence
configure:14217: gcc -E  conftest.c
configure:14217: $? = 0
configure:14217: result: yes
configure:14217: checking for openssl/ssl.h
configure:14217: result: yes
configure:14225: checking for SSL_CTX_new in -lssl
configure:14250: gcc -o conftest -g -O2   conftest.c -lssl   >&5
configure:14250: $? = 0
configure:14259: result: yes
configure:14286: checking whether DSA_SIG_get0 is declared
configure:14286: gcc -c -g -O2  conftest.c >&5
configure:14286: $? = 0
configure:14286: result: yes
configure:14296: checking whether DSA_get0_pqg is declared
configure:14296: gcc -c -g -O2  conftest.c >&5
configure:14296: $? = 0
configure:14296: result: yes
configure:14306: checking whether DSA_get0_key is declared
configure:14306: gcc -c -g -O2  conftest.c >&5
configure:14306: $? = 0
configure:14306: result: yes
configure:14316: checking whether RSA_get0_key is declared
configure:14316: gcc -c -g -O2  conftest.c >&5
configure:14316: $? = 0
configure:14316: result: yes
configure:14326: checking whether libssl requires threading callbacks
configure:14344: gcc -c -g -O2  conftest.c >&5
configure:14344: $? = 0
configure:14345: result: no
configure:14387: checking for main in -lwsock32
configure:14406: gcc -o conftest -g -O2   conftest.c -lwsock32   >&5
/usr/bin/ld: cannot find -lwsock32
collect2: error: ld returned 1 exit status
configure:14406: $? = 1
configure: failed program was:
| /* confdefs.h */
| #define PACKAGE_NAME "guacamole-server"
| #define PACKAGE_TARNAME "guacamole-server"
| #define PACKAGE_VERSION "0.9.14"
| #define PACKAGE_STRING "guacamole-server 0.9.14"
| #define PACKAGE_BUGREPORT ""
| #define PACKAGE_URL ""
| #define PACKAGE "guacamole-server"
| #define VERSION "0.9.14"
| #define STDC_HEADERS 1
| #define HAVE_SYS_TYPES_H 1
| #define HAVE_SYS_STAT_H 1
| #define HAVE_STDLIB_H 1
| #define HAVE_STRING_H 1
| #define HAVE_MEMORY_H 1
| #define HAVE_STRINGS_H 1
| #define HAVE_INTTYPES_H 1
| #define HAVE_STDINT_H 1
| #define HAVE_UNISTD_H 1
| #define HAVE_DLFCN_H 1
| #define LT_OBJDIR ".libs/"
| #define HAVE_FCNTL_H 1
| #define HAVE_STDLIB_H 1
| #define HAVE_STRING_H 1
| #define HAVE_SYS_SOCKET_H 1
| #define HAVE_TIME_H 1
| #define HAVE_SYS_TIME_H 1
| #define HAVE_SYSLOG_H 1
| #define HAVE_UNISTD_H 1
| #define HAVE_CAIRO_CAIRO_H 1
| #define _XOPEN_SOURCE 700
| #define HAVE_LIBPTHREAD /**/
| #define HAVE_OSSP_UUID_H 1
| #define HAVE_CLOCK_GETTIME 1
| #define HAVE_GETTIMEOFDAY 1
| #define HAVE_MEMMOVE 1
| #define HAVE_MEMSET 1
| #define HAVE_SELECT 1
| #define HAVE_STRDUP 1
| #define HAVE_NANOSLEEP 1
| #define HAVE_PNG_GET_IO_PTR /**/
| #define HAVE_CAIRO_FORMAT_STRIDE_FOR_WIDTH /**/
| #define HAVE_POLL /**/
| #define GUACD_CONF_FILE "/etc/guacamole/guacd.conf"
| #define ENABLE_SSL /**/
| #define HAVE_DSA_SIG_GET0 /**/
| #define HAVE_DSA_GET0_PQG /**/
| #define HAVE_DSA_GET0_KEY /**/
| #define HAVE_RSA_GET0_KEY /**/
| /* end confdefs.h.  */
| 
| 
| int
| main ()
| {
| return main ();
|   ;
|   return 0;
| }
configure:14415: result: no
configure:14457: checking vorbis/vorbisenc.h usability
configure:14457: gcc -c -g -O2  conftest.c >&5
configure:14457: $? = 0
configure:14457: result: yes
configure:14457: checking vorbis/vorbisenc.h presence
configure:14457: gcc -E  conftest.c
configure:14457: $? = 0
configure:14457: result: yes
configure:14457: checking for vorbis/vorbisenc.h
configure:14457: result: yes
configure:14465: checking for ogg_stream_init in -logg
configure:14490: gcc -o conftest -g -O2   conftest.c -logg   >&5
configure:14490: $? = 0
configure:14499: result: yes
configure:14507: checking for vorbis_block_init in -lvorbis
configure:14532: gcc -o conftest -g -O2   conftest.c -lvorbis   >&5
configure:14532: $? = 0
configure:14541: result: yes
configure:14549: checking for vorbis_encode_init in -lvorbisenc
configure:14574: gcc -o conftest -g -O2   conftest.c -lvorbisenc   >&5
configure:14574: $? = 0
configure:14583: result: yes
configure:14640: checking for pa_context_new in -lpulse
configure:14665: gcc -o conftest -g -O2   conftest.c -lpulse   >&5
configure:14665: $? = 0
configure:14674: result: yes
configure:14731: checking for PANGO
configure:14738: $PKG_CONFIG --exists --print-errors "pango"
configure:14741: $? = 0
configure:14755: $PKG_CONFIG --exists --print-errors "pango"
configure:14758: $? = 0
configure:14796: result: yes
configure:14802: checking for PANGOCAIRO
configure:14809: $PKG_CONFIG --exists --print-errors "pangocairo"
configure:14812: $? = 0
configure:14826: $PKG_CONFIG --exists --print-errors "pangocairo"
configure:14829: $? = 0
configure:14867: result: yes
configure:14923: checking for rfbInitClient in -lvncclient
configure:14948: gcc -o conftest -g -O2   conftest.c -lvncclient   >&5
configure:14948: $? = 0
configure:14957: result: yes
configure:14985: checking for rfbClient.destHost
configure:14985: gcc -c -g -O2  conftest.c >&5
configure:14985: $? = 0
configure:14985: result: yes
configure:14997: checking for rfbClient.destPort
configure:14997: gcc -c -g -O2  conftest.c >&5
configure:14997: $? = 0
configure:14997: result: yes
configure:15039: checking whether listenForIncomingConnectionsNoFork is declared
configure:15039: gcc -c -g -O2  conftest.c >&5
configure:15039: $? = 0
configure:15039: result: yes
configure:15096: checking for freerdp_new in -lfreerdp-core
configure:15121: gcc -o conftest -g -O2   conftest.c -lfreerdp-core   >&5
/usr/bin/ld: cannot find -lfreerdp-core
collect2: error: ld returned 1 exit status
configure:15121: $? = 1
configure: failed program was:
| /* confdefs.h */
| #define PACKAGE_NAME "guacamole-server"
| #define PACKAGE_TARNAME "guacamole-server"
| #define PACKAGE_VERSION "0.9.14"
| #define PACKAGE_STRING "guacamole-server 0.9.14"
| #define PACKAGE_BUGREPORT ""
| #define PACKAGE_URL ""
| #define PACKAGE "guacamole-server"
| #define VERSION "0.9.14"
| #define STDC_HEADERS 1
| #define HAVE_SYS_TYPES_H 1
| #define HAVE_SYS_STAT_H 1
| #define HAVE_STDLIB_H 1
| #define HAVE_STRING_H 1
| #define HAVE_MEMORY_H 1
| #define HAVE_STRINGS_H 1
| #define HAVE_INTTYPES_H 1
| #define HAVE_STDINT_H 1
| #define HAVE_UNISTD_H 1
| #define HAVE_DLFCN_H 1
| #define LT_OBJDIR ".libs/"
| #define HAVE_FCNTL_H 1
| #define HAVE_STDLIB_H 1
| #define HAVE_STRING_H 1
| #define HAVE_SYS_SOCKET_H 1
| #define HAVE_TIME_H 1
| #define HAVE_SYS_TIME_H 1
| #define HAVE_SYSLOG_H 1
| #define HAVE_UNISTD_H 1
| #define HAVE_CAIRO_CAIRO_H 1
| #define _XOPEN_SOURCE 700
| #define HAVE_LIBPTHREAD /**/
| #define HAVE_OSSP_UUID_H 1
| #define HAVE_CLOCK_GETTIME 1
| #define HAVE_GETTIMEOFDAY 1
| #define HAVE_MEMMOVE 1
| #define HAVE_MEMSET 1
| #define HAVE_SELECT 1
| #define HAVE_STRDUP 1
| #define HAVE_NANOSLEEP 1
| #define HAVE_PNG_GET_IO_PTR /**/
| #define HAVE_CAIRO_FORMAT_STRIDE_FOR_WIDTH /**/
| #define HAVE_POLL /**/
| #define GUACD_CONF_FILE "/etc/guacamole/guacd.conf"
| #define ENABLE_SSL /**/
| #define HAVE_DSA_SIG_GET0 /**/
| #define HAVE_DSA_GET0_PQG /**/
| #define HAVE_DSA_GET0_KEY /**/
| #define HAVE_RSA_GET0_KEY /**/
| #define ENABLE_OGG /**/
| #define ENABLE_PULSE /**/
| #define HAVE_RFBCLIENT_DESTHOST 1
| #define HAVE_RFBCLIENT_DESTPORT 1
| #define ENABLE_VNC_REPEATER /**/
| #define ENABLE_VNC_LISTEN /**/
| /* end confdefs.h.  */
| 
| /* Override any GCC internal prototype to avoid an error.
|    Use char because int might match the return type of a GCC
|    builtin and then its argument prototype would still apply.  */
| #ifdef __cplusplus
| extern "C"
| #endif
| char freerdp_new ();
| int
| main ()
| {
| return freerdp_new ();
|   ;
|   return 0;
| }
configure:15130: result: no
configure:15135: checking for freerdp_new in -lfreerdp
configure:15160: gcc -o conftest -g -O2   conftest.c -lfreerdp   >&5
/usr/bin/ld: cannot find -lfreerdp
collect2: error: ld returned 1 exit status
configure:15160: $? = 1
configure: failed program was:
| /* confdefs.h */
| #define PACKAGE_NAME "guacamole-server"
| #define PACKAGE_TARNAME "guacamole-server"
| #define PACKAGE_VERSION "0.9.14"
| #define PACKAGE_STRING "guacamole-server 0.9.14"
| #define PACKAGE_BUGREPORT ""
| #define PACKAGE_URL ""
| #define PACKAGE "guacamole-server"
| #define VERSION "0.9.14"
| #define STDC_HEADERS 1
| #define HAVE_SYS_TYPES_H 1
| #define HAVE_SYS_STAT_H 1
| #define HAVE_STDLIB_H 1
| #define HAVE_STRING_H 1
| #define HAVE_MEMORY_H 1
| #define HAVE_STRINGS_H 1
| #define HAVE_INTTYPES_H 1
| #define HAVE_STDINT_H 1
| #define HAVE_UNISTD_H 1
| #define HAVE_DLFCN_H 1
| #define LT_OBJDIR ".libs/"
| #define HAVE_FCNTL_H 1
| #define HAVE_STDLIB_H 1
| #define HAVE_STRING_H 1
| #define HAVE_SYS_SOCKET_H 1
| #define HAVE_TIME_H 1
| #define HAVE_SYS_TIME_H 1
| #define HAVE_SYSLOG_H 1
| #define HAVE_UNISTD_H 1
| #define HAVE_CAIRO_CAIRO_H 1
| #define _XOPEN_SOURCE 700
| #define HAVE_LIBPTHREAD /**/
| #define HAVE_OSSP_UUID_H 1
| #define HAVE_CLOCK_GETTIME 1
| #define HAVE_GETTIMEOFDAY 1
| #define HAVE_MEMMOVE 1
| #define HAVE_MEMSET 1
| #define HAVE_SELECT 1
| #define HAVE_STRDUP 1
| #define HAVE_NANOSLEEP 1
| #define HAVE_PNG_GET_IO_PTR /**/
| #define HAVE_CAIRO_FORMAT_STRIDE_FOR_WIDTH /**/
| #define HAVE_POLL /**/
| #define GUACD_CONF_FILE "/etc/guacamole/guacd.conf"
| #define ENABLE_SSL /**/
| #define HAVE_DSA_SIG_GET0 /**/
| #define HAVE_DSA_GET0_PQG /**/
| #define HAVE_DSA_GET0_KEY /**/
| #define HAVE_RSA_GET0_KEY /**/
| #define ENABLE_OGG /**/
| #define ENABLE_PULSE /**/
| #define HAVE_RFBCLIENT_DESTHOST 1
| #define HAVE_RFBCLIENT_DESTPORT 1
| #define ENABLE_VNC_REPEATER /**/
| #define ENABLE_VNC_LISTEN /**/
| /* end confdefs.h.  */
| 
| /* Override any GCC internal prototype to avoid an error.
|    Use char because int might match the return type of a GCC
|    builtin and then its argument prototype would still apply.  */
| #ifdef __cplusplus
| extern "C"
| #endif
| char freerdp_new ();
| int
| main ()
| {
| return freerdp_new ();
|   ;
|   return 0;
| }
configure:15169: result: no
configure:15178: WARNING:
  --------------------------------------------
   Unable to find libfreerdp-core / libfreerdp
   RDP will be disabled.
  --------------------------------------------
configure:16342: checking for libssh2_session_init_ex in -lssh2
configure:16367: gcc -o conftest -g -O2   conftest.c -lssh2   >&5
configure:16367: $? = 0
configure:16376: result: yes
configure:16422: checking for gcry_control in -lssh2
configure:16447: gcc -o conftest -g -O2   conftest.c -lssh2   >&5
/usr/bin/ld: /tmp/ccsDoSAm.o: undefined reference to symbol 'gcry_control@@GCRYPT_1.6'
//lib/arm-linux-gnueabihf/libgcrypt.so.20: error adding symbols: DSO missing from command line
collect2: error: ld returned 1 exit status
configure:16447: $? = 1
configure: failed program was:
| /* confdefs.h */
| #define PACKAGE_NAME "guacamole-server"
| #define PACKAGE_TARNAME "guacamole-server"
| #define PACKAGE_VERSION "0.9.14"
| #define PACKAGE_STRING "guacamole-server 0.9.14"
| #define PACKAGE_BUGREPORT ""
| #define PACKAGE_URL ""
| #define PACKAGE "guacamole-server"
| #define VERSION "0.9.14"
| #define STDC_HEADERS 1
| #define HAVE_SYS_TYPES_H 1
| #define HAVE_SYS_STAT_H 1
| #define HAVE_STDLIB_H 1
| #define HAVE_STRING_H 1
| #define HAVE_MEMORY_H 1
| #define HAVE_STRINGS_H 1
| #define HAVE_INTTYPES_H 1
| #define HAVE_STDINT_H 1
| #define HAVE_UNISTD_H 1
| #define HAVE_DLFCN_H 1
| #define LT_OBJDIR ".libs/"
| #define HAVE_FCNTL_H 1
| #define HAVE_STDLIB_H 1
| #define HAVE_STRING_H 1
| #define HAVE_SYS_SOCKET_H 1
| #define HAVE_TIME_H 1
| #define HAVE_SYS_TIME_H 1
| #define HAVE_SYSLOG_H 1
| #define HAVE_UNISTD_H 1
| #define HAVE_CAIRO_CAIRO_H 1
| #define _XOPEN_SOURCE 700
| #define HAVE_LIBPTHREAD /**/
| #define HAVE_OSSP_UUID_H 1
| #define HAVE_CLOCK_GETTIME 1
| #define HAVE_GETTIMEOFDAY 1
| #define HAVE_MEMMOVE 1
| #define HAVE_MEMSET 1
| #define HAVE_SELECT 1
| #define HAVE_STRDUP 1
| #define HAVE_NANOSLEEP 1
| #define HAVE_PNG_GET_IO_PTR /**/
| #define HAVE_CAIRO_FORMAT_STRIDE_FOR_WIDTH /**/
| #define HAVE_POLL /**/
| #define GUACD_CONF_FILE "/etc/guacamole/guacd.conf"
| #define ENABLE_SSL /**/
| #define HAVE_DSA_SIG_GET0 /**/
| #define HAVE_DSA_GET0_PQG /**/
| #define HAVE_DSA_GET0_KEY /**/
| #define HAVE_RSA_GET0_KEY /**/
| #define ENABLE_OGG /**/
| #define ENABLE_PULSE /**/
| #define HAVE_RFBCLIENT_DESTHOST 1
| #define HAVE_RFBCLIENT_DESTPORT 1
| #define ENABLE_VNC_REPEATER /**/
| #define ENABLE_VNC_LISTEN /**/
| #define ENABLE_COMMON_SSH /**/
| /* end confdefs.h.  */
| 
| /* Override any GCC internal prototype to avoid an error.
|    Use char because int might match the return type of a GCC
|    builtin and then its argument prototype would still apply.  */
| #ifdef __cplusplus
| extern "C"
| #endif
| char gcry_control ();
| int
| main ()
| {
| return gcry_control ();
|   ;
|   return 0;
| }
configure:16456: result: no
configure:16542: checking for telnet_init in -ltelnet
configure:16567: gcc -o conftest -g -O2   conftest.c -ltelnet   >&5
configure:16567: $? = 0
configure:16576: result: yes
configure:16617: checking webp/encode.h usability
configure:16617: gcc -c -g -O2  conftest.c >&5
configure:16617: $? = 0
configure:16617: result: yes
configure:16617: checking webp/encode.h presence
configure:16617: gcc -E  conftest.c
configure:16617: $? = 0
configure:16617: result: yes
configure:16617: checking for webp/encode.h
configure:16617: result: yes
configure:16625: checking for WebPEncode in -lwebp
configure:16650: gcc -o conftest -g -O2   conftest.c -lwebp   >&5
configure:16650: $? = 0
configure:16659: result: yes
configure:16857: checking that generated files are newer than configure
configure:16863: result: done
configure:16970: creating ./config.status

## ---------------------- ##
## Running config.status. ##
## ---------------------- ##

This file was extended by guacamole-server config.status 0.9.14, which was
generated by GNU Autoconf 2.69.  Invocation command line was

  CONFIG_FILES    = 
  CONFIG_HEADERS  = 
  CONFIG_LINKS    = 
  CONFIG_COMMANDS = 
  $ ./config.status 

on raspberrypi

config.status:1217: creating Makefile
config.status:1217: creating doc/Doxyfile
config.status:1217: creating tests/Makefile
config.status:1217: creating src/common/Makefile
config.status:1217: creating src/common-ssh/Makefile
config.status:1217: creating src/terminal/Makefile
config.status:1217: creating src/libguac/Makefile
config.status:1217: creating src/guacd/Makefile
config.status:1217: creating src/guacd/man/guacd.8
config.status:1217: creating src/guacd/man/guacd.conf.5
config.status:1217: creating src/guacenc/Makefile
config.status:1217: creating src/guacenc/man/guacenc.1
config.status:1217: creating src/pulse/Makefile
config.status:1217: creating src/protocols/rdp/Makefile
config.status:1217: creating src/protocols/ssh/Makefile
config.status:1217: creating src/protocols/telnet/Makefile
config.status:1217: creating src/protocols/vnc/Makefile
config.status:1217: creating config.h
config.status:1398: config.h is unchanged
config.status:1446: executing depfiles commands
config.status:1446: executing libtool commands

## ---------------- ##
## Cache variables. ##
## ---------------- ##

ac_cv_build=armv7l-unknown-linux-gnueabihf
ac_cv_c_compiler_gnu=yes
ac_cv_env_AVCODEC_CFLAGS_set=
ac_cv_env_AVCODEC_CFLAGS_value=
ac_cv_env_AVCODEC_LIBS_set=
ac_cv_env_AVCODEC_LIBS_value=
ac_cv_env_AVUTIL_CFLAGS_set=
ac_cv_env_AVUTIL_CFLAGS_value=
ac_cv_env_AVUTIL_LIBS_set=
ac_cv_env_AVUTIL_LIBS_value=
ac_cv_env_CC_set=
ac_cv_env_CC_value=
ac_cv_env_CFLAGS_set=
ac_cv_env_CFLAGS_value=
ac_cv_env_CPPFLAGS_set=
ac_cv_env_CPPFLAGS_value=
ac_cv_env_CPP_set=
ac_cv_env_CPP_value=
ac_cv_env_LDFLAGS_set=
ac_cv_env_LDFLAGS_value=
ac_cv_env_LIBS_set=
ac_cv_env_LIBS_value=
ac_cv_env_LT_SYS_LIBRARY_PATH_set=
ac_cv_env_LT_SYS_LIBRARY_PATH_value=
ac_cv_env_PANGOCAIRO_CFLAGS_set=
ac_cv_env_PANGOCAIRO_CFLAGS_value=
ac_cv_env_PANGOCAIRO_LIBS_set=
ac_cv_env_PANGOCAIRO_LIBS_value=
ac_cv_env_PANGO_CFLAGS_set=
ac_cv_env_PANGO_CFLAGS_value=
ac_cv_env_PANGO_LIBS_set=
ac_cv_env_PANGO_LIBS_value=
ac_cv_env_PKG_CONFIG_LIBDIR_set=
ac_cv_env_PKG_CONFIG_LIBDIR_value=
ac_cv_env_PKG_CONFIG_PATH_set=
ac_cv_env_PKG_CONFIG_PATH_value=
ac_cv_env_PKG_CONFIG_set=
ac_cv_env_PKG_CONFIG_value=
ac_cv_env_SWSCALE_CFLAGS_set=
ac_cv_env_SWSCALE_CFLAGS_value=
ac_cv_env_SWSCALE_LIBS_set=
ac_cv_env_SWSCALE_LIBS_value=
ac_cv_env_build_alias_set=
ac_cv_env_build_alias_value=
ac_cv_env_host_alias_set=
ac_cv_env_host_alias_value=
ac_cv_env_target_alias_set=
ac_cv_env_target_alias_value=
ac_cv_func_clock_gettime=yes
ac_cv_func_dlopen=no
ac_cv_func_gettimeofday=yes
ac_cv_func_memmove=yes
ac_cv_func_memset=yes
ac_cv_func_nanosleep=yes
ac_cv_func_select=yes
ac_cv_func_shl_load=no
ac_cv_func_strdup=yes
ac_cv_have_decl_DSA_SIG_get0=yes
ac_cv_have_decl_DSA_get0_key=yes
ac_cv_have_decl_DSA_get0_pqg=yes
ac_cv_have_decl_RSA_get0_key=yes
ac_cv_have_decl_cairo_format_stride_for_width=yes
ac_cv_have_decl_listenForIncomingConnectionsNoFork=yes
ac_cv_have_decl_png_get_io_ptr=yes
ac_cv_have_decl_poll=yes
ac_cv_have_decl_uuid_make=yes
ac_cv_header_cairo_cairo_h=yes
ac_cv_header_dlfcn_h=yes
ac_cv_header_fcntl_h=yes
ac_cv_header_inttypes_h=yes
ac_cv_header_memory_h=yes
ac_cv_header_openssl_ssl_h=yes
ac_cv_header_ossp_uuid_h=yes
ac_cv_header_pngstruct_h=no
ac_cv_header_stdc=yes
ac_cv_header_stdint_h=yes
ac_cv_header_stdlib_h=yes
ac_cv_header_string_h=yes
ac_cv_header_strings_h=yes
ac_cv_header_sys_socket_h=yes
ac_cv_header_sys_stat_h=yes
ac_cv_header_sys_time_h=yes
ac_cv_header_sys_types_h=yes
ac_cv_header_syslog_h=yes
ac_cv_header_time_h=yes
ac_cv_header_unistd_h=yes
ac_cv_header_vorbis_vorbisenc_h=yes
ac_cv_header_webp_encode_h=yes
ac_cv_host=armv7l-unknown-linux-gnueabihf
ac_cv_lib_cairo_cairo_create=yes
ac_cv_lib_cunit_CU_run_test=no
ac_cv_lib_dl_dlopen=yes
ac_cv_lib_dld_shl_load=no
ac_cv_lib_freerdp_core_freerdp_new=no
ac_cv_lib_freerdp_freerdp_new=no
ac_cv_lib_jpeg_jpeg_start_compress=yes
ac_cv_lib_m_cos=yes
ac_cv_lib_ogg_ogg_stream_init=yes
ac_cv_lib_ossp_uuid_uuid_make=yes
ac_cv_lib_png_png_write_png=yes
ac_cv_lib_pthread_pthread_create=yes
ac_cv_lib_pulse_pa_context_new=yes
ac_cv_lib_ssh2_gcry_control=no
ac_cv_lib_ssh2_libssh2_session_init_ex=yes
ac_cv_lib_ssl_SSL_CTX_new=yes
ac_cv_lib_telnet_telnet_init=yes
ac_cv_lib_vncclient_rfbInitClient=yes
ac_cv_lib_vorbis_vorbis_block_init=yes
ac_cv_lib_vorbisenc_vorbis_encode_init=yes
ac_cv_lib_webp_WebPEncode=yes
ac_cv_lib_wsock32_main=no
ac_cv_member_rfbClient_destHost=yes
ac_cv_member_rfbClient_destPort=yes
ac_cv_objext=o
ac_cv_path_EGREP='/bin/grep -E'
ac_cv_path_FGREP='/bin/grep -F'
ac_cv_path_GREP=/bin/grep
ac_cv_path_SED=/bin/sed
ac_cv_path_ac_pt_PKG_CONFIG=/usr/bin/pkg-config
ac_cv_path_install='/usr/bin/install -c'
ac_cv_path_lt_DD=/bin/dd
ac_cv_path_mkdir=/bin/mkdir
ac_cv_prog_AWK=mawk
ac_cv_prog_CPP='gcc -E'
ac_cv_prog_ac_ct_AR=ar
ac_cv_prog_ac_ct_CC=gcc
ac_cv_prog_ac_ct_MANIFEST_TOOL=mt
ac_cv_prog_ac_ct_OBJDUMP=objdump
ac_cv_prog_ac_ct_RANLIB=ranlib
ac_cv_prog_ac_ct_STRIP=strip
ac_cv_prog_cc_c89=
ac_cv_prog_cc_c99=
ac_cv_prog_cc_g=yes
ac_cv_prog_make_make_set=yes
ac_cv_type_size_t=yes
ac_cv_type_ssize_t=yes
am_cv_CC_dependencies_compiler_type=gcc3
am_cv_make_support_nested_variables=yes
am_cv_prog_cc_c_o=yes
lt_cv_ar_at_file=@
lt_cv_archive_cmds_need_lc=no
lt_cv_deplibs_check_method=pass_all
lt_cv_dlopen=dlopen
lt_cv_dlopen_libs=-ldl
lt_cv_dlopen_self=yes
lt_cv_dlopen_self_static=no
lt_cv_file_magic_cmd='$MAGIC_CMD'
lt_cv_file_magic_test_file=
lt_cv_ld_reload_flag=-r
lt_cv_nm_interface='BSD nm'
lt_cv_objdir=.libs
lt_cv_path_LD=/usr/bin/ld
lt_cv_path_NM='/usr/bin/nm -B'
lt_cv_path_mainfest_tool=no
lt_cv_prog_compiler_c_o=yes
lt_cv_prog_compiler_pic='-fPIC -DPIC'
lt_cv_prog_compiler_pic_works=yes
lt_cv_prog_compiler_rtti_exceptions=no
lt_cv_prog_compiler_static_works=yes
lt_cv_prog_gnu_ld=yes
lt_cv_sharedlib_from_linklib_cmd='printf %s\n'
lt_cv_shlibpath_overrides_runpath=no
lt_cv_sys_global_symbol_pipe='sed -n -e '\''s/^.*[	 ]\([ABCDGIRSTW][ABCDGIRSTW]*\)[	 ][	 ]*\([_A-Za-z][_A-Za-z0-9]*\)$/\1 \2 \2/p'\'' | sed '\''/ __gnu_lto/d'\'''
lt_cv_sys_global_symbol_to_c_name_address='sed -n -e '\''s/^: \(.*\) .*$/  {"\1", (void *) 0},/p'\'' -e '\''s/^[ABCDGIRSTW][ABCDGIRSTW]* .* \(.*\)$/  {"\1", (void *) \&\1},/p'\'''
lt_cv_sys_global_symbol_to_c_name_address_lib_prefix='sed -n -e '\''s/^: \(.*\) .*$/  {"\1", (void *) 0},/p'\'' -e '\''s/^[ABCDGIRSTW][ABCDGIRSTW]* .* \(lib.*\)$/  {"\1", (void *) \&\1},/p'\'' -e '\''s/^[ABCDGIRSTW][ABCDGIRSTW]* .* \(.*\)$/  {"lib\1", (void *) \&\1},/p'\'''
lt_cv_sys_global_symbol_to_cdecl='sed -n -e '\''s/^T .* \(.*\)$/extern int \1();/p'\'' -e '\''s/^[ABCDGIRSTW][ABCDGIRSTW]* .* \(.*\)$/extern char \1;/p'\'''
lt_cv_sys_global_symbol_to_import=
lt_cv_sys_max_cmd_len=1572864
lt_cv_to_host_file_cmd=func_convert_file_noop
lt_cv_to_tool_file_cmd=func_convert_file_noop
lt_cv_truncate_bin='/bin/dd bs=4096 count=1'
pkg_cv_AVCODEC_CFLAGS=-I/usr/include/arm-linux-gnueabihf
pkg_cv_AVCODEC_LIBS=-lavcodec
pkg_cv_AVUTIL_CFLAGS=-I/usr/include/arm-linux-gnueabihf
pkg_cv_AVUTIL_LIBS=-lavutil
pkg_cv_PANGOCAIRO_CFLAGS='-I/usr/include/pango-1.0 -I/usr/include/harfbuzz -I/usr/include/pango-1.0 -I/usr/include/cairo -I/usr/include/glib-2.0 -I/usr/lib/arm-linux-gnueabihf/glib-2.0/include -I/usr/include/pixman-1 -I/usr/include/freetype2 -I/usr/include/libpng16'
pkg_cv_PANGOCAIRO_LIBS='-lpangocairo-1.0 -lpango-1.0 -lgobject-2.0 -lglib-2.0 -lcairo'
pkg_cv_PANGO_CFLAGS='-I/usr/include/pango-1.0 -I/usr/include/glib-2.0 -I/usr/lib/arm-linux-gnueabihf/glib-2.0/include'
pkg_cv_PANGO_LIBS='-lpango-1.0 -lgobject-2.0 -lglib-2.0'
pkg_cv_SWSCALE_CFLAGS=-I/usr/include/arm-linux-gnueabihf
pkg_cv_SWSCALE_LIBS=-lswscale

## ----------------- ##
## Output variables. ##
## ----------------- ##

ACLOCAL='${SHELL} /home/pi/mediakit_RaspberryPi/guacamole-server-0.9.14/missing aclocal-1.15'
AMDEPBACKSLASH='\'
AMDEP_FALSE='#'
AMDEP_TRUE=''
AMTAR='$${TAR-tar}'
AM_BACKSLASH='\'
AM_DEFAULT_V='$(AM_DEFAULT_VERBOSITY)'
AM_DEFAULT_VERBOSITY='0'
AM_V='$(V)'
AR='ar'
AUTOCONF='${SHELL} /home/pi/mediakit_RaspberryPi/guacamole-server-0.9.14/missing autoconf'
AUTOHEADER='${SHELL} /home/pi/mediakit_RaspberryPi/guacamole-server-0.9.14/missing autoheader'
AUTOMAKE='${SHELL} /home/pi/mediakit_RaspberryPi/guacamole-server-0.9.14/missing automake-1.15'
AVCODEC_CFLAGS='-I/usr/include/arm-linux-gnueabihf'
AVCODEC_LIBS='-lavcodec'
AVUTIL_CFLAGS='-I/usr/include/arm-linux-gnueabihf'
AVUTIL_LIBS='-lavutil'
AWK='mawk'
CAIRO_LIBS='-lcairo'
CC='gcc'
CCDEPMODE='depmode=gcc3'
CFLAGS='-g -O2'
COMMON_INCLUDE='-I$(top_srcdir)/src/common'
COMMON_LTLIB='$(top_builddir)/src/common/libguac_common.la'
COMMON_SSH_INCLUDE='-I$(top_srcdir)/src/common-ssh'
COMMON_SSH_LTLIB='$(top_builddir)/src/common-ssh/libguac_common_ssh.la'
CPP='gcc -E'
CPPFLAGS=''
CUNIT_LIBS=''
CYGPATH_W='echo'
DEFS='-DHAVE_CONFIG_H'
DEPDIR='.deps'
DLLTOOL='false'
DL_LIBS='-ldl'
DSYMUTIL=''
DUMPBIN=''
ECHO_C=''
ECHO_N='-n'
ECHO_T=''
EGREP='/bin/grep -E'
ENABLE_AVCODEC_FALSE='#'
ENABLE_AVCODEC_TRUE=''
ENABLE_AVUTIL_FALSE='#'
ENABLE_AVUTIL_TRUE=''
ENABLE_COMMON_SSH_FALSE='#'
ENABLE_COMMON_SSH_TRUE=''
ENABLE_GUACD_FALSE='#'
ENABLE_GUACD_TRUE=''
ENABLE_GUACENC_FALSE='#'
ENABLE_GUACENC_TRUE=''
ENABLE_INIT_FALSE='#'
ENABLE_INIT_TRUE=''
ENABLE_OGG_FALSE='#'
ENABLE_OGG_TRUE=''
ENABLE_PULSE_FALSE='#'
ENABLE_PULSE_TRUE=''
ENABLE_RDP_FALSE=''
ENABLE_RDP_TRUE='#'
ENABLE_SSH_AGENT_FALSE=''
ENABLE_SSH_AGENT_TRUE='#'
ENABLE_SSH_FALSE='#'
ENABLE_SSH_TRUE=''
ENABLE_SSL_FALSE='#'
ENABLE_SSL_TRUE=''
ENABLE_SWSCALE_FALSE='#'
ENABLE_SWSCALE_TRUE=''
ENABLE_TELNET_FALSE='#'
ENABLE_TELNET_TRUE=''
ENABLE_TERMINAL_FALSE='#'
ENABLE_TERMINAL_TRUE=''
ENABLE_VNC_FALSE='#'
ENABLE_VNC_TRUE=''
ENABLE_WEBP_FALSE='#'
ENABLE_WEBP_TRUE=''
ENABLE_WINPR_FALSE='#'
ENABLE_WINPR_TRUE=''
ENABLE_WINSOCK_FALSE=''
ENABLE_WINSOCK_TRUE='#'
EXEEXT=''
FGREP='/bin/grep -F'
GREP='/bin/grep'
INSTALL_DATA='${INSTALL} -m 644'
INSTALL_PROGRAM='${INSTALL}'
INSTALL_SCRIPT='${INSTALL}'
INSTALL_STRIP_PROGRAM='$(install_sh) -c -s'
JPEG_LIBS='-ljpeg'
LD='/usr/bin/ld'
LDFLAGS=''
LEGACY_FREERDP_EXTENSIONS_FALSE=''
LEGACY_FREERDP_EXTENSIONS_TRUE='#'
LIBGUAC_INCLUDE='-I$(top_srcdir)/src/libguac'
LIBGUAC_LTLIB='$(top_builddir)/src/libguac/libguac.la'
LIBOBJS=''
LIBS=''
LIBTOOL='$(SHELL) $(top_builddir)/libtool'
LIPO=''
LN_S='ln -s'
LTLIBOBJS=''
LT_SYS_LIBRARY_PATH=''
MAKEINFO='${SHELL} /home/pi/mediakit_RaspberryPi/guacamole-server-0.9.14/missing makeinfo'
MANIFEST_TOOL=':'
MATH_LIBS='-lm'
MKDIR_P='/bin/mkdir -p'
NM='/usr/bin/nm -B'
NMEDIT=''
OBJDUMP='objdump'
OBJEXT='o'
OTOOL64=''
OTOOL=''
PACKAGE='guacamole-server'
PACKAGE_BUGREPORT=''
PACKAGE_NAME='guacamole-server'
PACKAGE_STRING='guacamole-server 0.9.14'
PACKAGE_TARNAME='guacamole-server'
PACKAGE_URL=''
PACKAGE_VERSION='0.9.14'
PANGOCAIRO_CFLAGS='-I/usr/include/pango-1.0 -I/usr/include/harfbuzz -I/usr/include/pango-1.0 -I/usr/include/cairo -I/usr/include/glib-2.0 -I/usr/lib/arm-linux-gnueabihf/glib-2.0/include -I/usr/include/pixman-1 -I/usr/include/freetype2 -I/usr/include/libpng16'
PANGOCAIRO_LIBS='-lpangocairo-1.0 -lpango-1.0 -lgobject-2.0 -lglib-2.0 -lcairo'
PANGO_CFLAGS='-I/usr/include/pango-1.0 -I/usr/include/glib-2.0 -I/usr/lib/arm-linux-gnueabihf/glib-2.0/include'
PANGO_LIBS='-lpango-1.0 -lgobject-2.0 -lglib-2.0'
PATH_SEPARATOR=':'
PKG_CONFIG='/usr/bin/pkg-config'
PKG_CONFIG_LIBDIR=''
PKG_CONFIG_PATH=''
PNG_LIBS='-lpng'
PTHREAD_LIBS='-lpthread'
PULSE_INCLUDE='-I$(top_srcdir)/src/pulse'
PULSE_LIBS=' -lpulse'
PULSE_LTLIB='$(top_builddir)/src/pulse/libguac_pulse.la'
RANLIB='ranlib'
RDP_LIBS=''
SED='/bin/sed'
SET_MAKE=''
SHELL='/bin/bash'
SSH_LIBS=' -lssh2'
SSL_LIBS=' -lssl -lcrypto'
STRIP='strip'
SWSCALE_CFLAGS='-I/usr/include/arm-linux-gnueabihf'
SWSCALE_LIBS='-lswscale'
TELNET_LIBS=' -ltelnet'
TERMINAL_INCLUDE='-I$(top_srcdir)/src/terminal $(PANGO_CFLAGS) $(PANGOCAIRO_CFLAGS) $(COMMON_INCLUDE)'
TERMINAL_LTLIB='$(top_builddir)/src/terminal/libguac_terminal.la'
UUID_LIBS='-lossp-uuid'
VERSION='0.9.14'
VNC_LIBS=' -lvncclient'
VORBIS_LIBS=' -logg -lvorbis -lvorbisenc'
WEBP_LIBS=' -lwebp'
WINSOCK_LIBS=''
ac_ct_AR='ar'
ac_ct_CC='gcc'
ac_ct_DUMPBIN=''
am__EXEEXT_FALSE=''
am__EXEEXT_TRUE='#'
am__fastdepCC_FALSE='#'
am__fastdepCC_TRUE=''
am__include='include'
am__isrc=''
am__leading_dot='.'
am__nodep='_no'
am__quote=''
am__tar='$${TAR-tar} chof - "$$tardir"'
am__untar='$${TAR-tar} xf -'
bindir='${exec_prefix}/bin'
build='armv7l-unknown-linux-gnueabihf'
build_alias=''
build_cpu='armv7l'
build_os='linux-gnueabihf'
build_vendor='unknown'
datadir='${datarootdir}'
datarootdir='${prefix}/share'
docdir='${datarootdir}/doc/${PACKAGE_TARNAME}'
dvidir='${docdir}'
exec_prefix='${prefix}'
host='armv7l-unknown-linux-gnueabihf'
host_alias=''
host_cpu='armv7l'
host_os='linux-gnueabihf'
host_vendor='unknown'
htmldir='${docdir}'
includedir='${prefix}/include'
infodir='${datarootdir}/info'
init_dir='/etc/init.d'
install_sh='${SHELL} /home/pi/mediakit_RaspberryPi/guacamole-server-0.9.14/install-sh'
libdir='${exec_prefix}/lib'
libexecdir='${exec_prefix}/libexec'
localedir='${datarootdir}/locale'
localstatedir='${prefix}/var'
mandir='${datarootdir}/man'
mkdir_p='$(MKDIR_P)'
oldincludedir='/usr/include'
pdfdir='${docdir}'
prefix='/usr/local'
program_transform_name='s,x,x,'
psdir='${docdir}'
sbindir='${exec_prefix}/sbin'
sharedstatedir='${prefix}/com'
sysconfdir='${prefix}/etc'
target_alias=''

## ----------- ##
## confdefs.h. ##
## ----------- ##

/* confdefs.h */
#define PACKAGE_NAME "guacamole-server"
#define PACKAGE_TARNAME "guacamole-server"
#define PACKAGE_VERSION "0.9.14"
#define PACKAGE_STRING "guacamole-server 0.9.14"
#define PACKAGE_BUGREPORT ""
#define PACKAGE_URL ""
#define PACKAGE "guacamole-server"
#define VERSION "0.9.14"
#define STDC_HEADERS 1
#define HAVE_SYS_TYPES_H 1
#define HAVE_SYS_STAT_H 1
#define HAVE_STDLIB_H 1
#define HAVE_STRING_H 1
#define HAVE_MEMORY_H 1
#define HAVE_STRINGS_H 1
#define HAVE_INTTYPES_H 1
#define HAVE_STDINT_H 1
#define HAVE_UNISTD_H 1
#define HAVE_DLFCN_H 1
#define LT_OBJDIR ".libs/"
#define HAVE_FCNTL_H 1
#define HAVE_STDLIB_H 1
#define HAVE_STRING_H 1
#define HAVE_SYS_SOCKET_H 1
#define HAVE_TIME_H 1
#define HAVE_SYS_TIME_H 1
#define HAVE_SYSLOG_H 1
#define HAVE_UNISTD_H 1
#define HAVE_CAIRO_CAIRO_H 1
#define _XOPEN_SOURCE 700
#define HAVE_LIBPTHREAD /**/
#define HAVE_OSSP_UUID_H 1
#define HAVE_CLOCK_GETTIME 1
#define HAVE_GETTIMEOFDAY 1
#define HAVE_MEMMOVE 1
#define HAVE_MEMSET 1
#define HAVE_SELECT 1
#define HAVE_STRDUP 1
#define HAVE_NANOSLEEP 1
#define HAVE_PNG_GET_IO_PTR /**/
#define HAVE_CAIRO_FORMAT_STRIDE_FOR_WIDTH /**/
#define HAVE_POLL /**/
#define GUACD_CONF_FILE "/etc/guacamole/guacd.conf"
#define ENABLE_SSL /**/
#define HAVE_DSA_SIG_GET0 /**/
#define HAVE_DSA_GET0_PQG /**/
#define HAVE_DSA_GET0_KEY /**/
#define HAVE_RSA_GET0_KEY /**/
#define ENABLE_OGG /**/
#define ENABLE_PULSE /**/
#define HAVE_RFBCLIENT_DESTHOST 1
#define HAVE_RFBCLIENT_DESTPORT 1
#define ENABLE_VNC_REPEATER /**/
#define ENABLE_VNC_LISTEN /**/
#define ENABLE_COMMON_SSH /**/
#define ENABLE_WEBP /**/

configure: exit 0
